Arguments: 
  /Users/xierchen/.nvm/versions/node/v14.17.3/bin/node /opt/homebrew/Cellar/yarn/1.22.10/libexec/bin/yarn.js install

PATH: 
  /Users/xierchen/opt/anaconda3/bin:/Users/xierchen/opt/anaconda3/condabin:/Users/xierchen/.nvm/versions/node/v14.17.3/bin:/Library/Frameworks/Python.framework/Versions/3.10/bin:/opt/homebrew/bin:/opt/homebrew/sbin:/usr/local/bin:/usr/bin:/bin:/usr/sbin:/sbin

Yarn version: 
  1.22.10

Node version: 
  14.17.3

Platform: 
  darwin x64

Trace: 
  Error: connect ECONNREFUSED 127.0.0.1:12639
      at TCPConnectWrap.afterConnect [as oncomplete] (net.js:1148:16)

npm manifest: 
  {
      "name": "Chenyating.github.io",
      "version": "1.0.0",
      "main": "index.js",
      "repository": "git@github.com:Chenyating/Chenyating.github.io.git",
      "author": "Cyating <924471303@qq.com>",
      "license": "MIT",
      "scripts": {
          "dev": "vuepress dev docs",
          "build": "vuepress build docs",
          "deploy": "bash deploy.sh"
      },
      "dependencies": {
          "consolecolors": "^0.33.2-b",
          "gitalk": "^1.7.2",
          "ifresh-ui": "^0.2.2",
          "jquery": "^3.4.1",
          "vue-highlightjs": "^1.3.3",
          "vuepress": "^1.2.0",
          "vuepress-theme-ting": "^2.0.2"
      },
      "devDependencies": {
          "@vuepress/plugin-back-to-top": "^1.9.5",
          "@vuepress/plugin-search": "^1.9.5"
      }
  }

yarn manifest: 
  No manifest

Lockfile: 
  No lockfile
